0	1	mikroCdsPIC.exe -MSF -DBG -pP33EP512MU810 -DL -SSA -O11111114 -fo8 -N"D:\Clicks_git\Color_7_Click\SW\example\c\DSPIC\Click_Color7_DSPIC.mcpds" -SP"C:\Users\Public\Documents\Mikroelektronika\mikroC PRO for dsPIC\Defs\" -SP"C:\Users\Public\Documents\Mikroelektronika\mikroC PRO for dsPIC\Uses\" -SP"D:\Clicks_git\Color_7_Click\SW\example\c\DSPIC\" -SP"D:\Clicks_git\Color_7_Click\SW\library\HAL\" -SP"D:\Clicks_git\Color_7_Click\SW\library\" -SP"C:\Users\Public\Documents\Mikroelektronika\mikroC PRO for dsPIC\Packages\mikroBUS Board Definition API\Uses\" -IP"C:\Users\Public\Documents\Mikroelektronika\mikroC PRO for dsPIC\Uses\" -IP"D:\Clicks_git\Color_7_Click\SW\example\c\DSPIC\" -IP"D:\Clicks_git\Color_7_Click\SW\library\" -IP"D:\Clicks_git\Color_7_Click\SW\library\HAL\" -IP"C:\Users\Public\Documents\Mikroelektronika\mikroC PRO for dsPIC\Packages\mikroBUS Board Definition API\Uses\" "Click_Color7_DSPIC.c" "__color7_Driver.c" "__Lib_Math.mcl" "__Lib_MathDouble.mcl" "__Lib_System.mcl" "__Lib_Delays_ep.mcl" "__Lib_CString.mcl" "__Lib_Conversions.mcl" "__Lib_I2C_12_p24_p33_9bit.mcl" "__Lib_UART_1234_p24_p33.mcl" "__Lib_PPS_p33EP512MU810.mcl" "mikromedia_shield_dsPIC33EP.mcl" "Click_Color7.pld"	 
diagnostics: 0	121	Loading...	 
diagnostics: 0	122	Compilation Started	stdint.h
diagnostics: 122	123	Compiled Successfully	Click_Color7_DSPIC.c
diagnostics: 0	122	Compilation Started	stdint.h
diagnostics: 341	123	Compiled Successfully	__color7_Driver.c
warning: 295	1512	variable 'sumColor' might not have been initialized	__color7_Driver.c
hint: 323	1164	Variable 'tmp' has been eliminated by optimizer	__color7_Driver.c
hint: 95	1164	Variable 'tmp' has been eliminated by optimizer	__color7_Driver.c
hint: 155	1164	Variable 'Luminance_Value' has been eliminated by optimizer	__color7_Driver.c
hint: 266	1164	Variable 'colorRatio' has been eliminated by optimizer	__color7_Driver.c
hint: 280	1164	Variable 'Blue_Ratio' has been eliminated by optimizer	__color7_Driver.c
hint: 282	1164	Variable 'ColorData' has been eliminated by optimizer	__color7_Driver.c
diagnostics: 0	127	All files Compiled in 109 ms	 
hint: 0	1144	Used RX (bytes): 32 (100%)   Free RX (bytes): 0 (0%)	Used RX (bytes): 32 (100%)   Free RX (bytes): 0 (0%)
hint: 0	1144	Static RAM (bytes): 259   Dynamic RAM (bytes): 28412	Static RAM (bytes): 259   Dynamic RAM (bytes): 28412
hint: 0	1144	Used ROM (bytes): 8222 (2%)  Free ROM (bytes): 341986 (98%)	Used ROM (bytes): 8222 (2%)  Free ROM (bytes): 341986 (98%)
diagnostics: 0	125	Project Linked Successfully	Click_Color7_DSPIC.mcpds
diagnostics: 0	128	Linked in 766 ms	 
diagnostics: 0	129	Project 'Click_Color7_DSPIC.mcpds' completed: 1516 ms	 
diagnostics: 0	103	Finished successfully: 11 jun 2018, 12:37:15	Click_Color7_DSPIC.mcpds
