0	1	mikroCPIC32.exe -MSF -DBG -pP32MX795F512L -DL -SSA -EBASE 0x9FC01000 -INTDEF MV_SRS7_IS32 -O11111114 -fo80 -N"D:\Clicks_git\Color_7_Click\SW\example\c\PIC32\Click_Color7_PIC32.mcp32" -SP"C:\Users\Public\Documents\Mikroelektronika\mikroC PRO for PIC32\Defs\" -SP"C:\Users\Public\Documents\Mikroelektronika\mikroC PRO for PIC32\Uses\" -SP"D:\Clicks_git\Color_7_Click\SW\example\c\PIC32\" -SP"D:\Clicks_git\Color_7_Click\SW\library\HAL\" -SP"D:\Clicks_git\Color_7_Click\SW\library\" -SP"C:\Users\Public\Documents\Mikroelektronika\mikroC PRO for PIC32\Packages\mikroBUS Board Definition API\Uses\" -IP"C:\Users\Public\Documents\Mikroelektronika\mikroC PRO for PIC32\Uses\" -IP"D:\Clicks_git\Color_7_Click\SW\example\c\PIC32\" -IP"D:\Clicks_git\Color_7_Click\SW\library\" -IP"D:\Clicks_git\Color_7_Click\SW\library\HAL\" -IP"C:\Users\Public\Documents\Mikroelektronika\mikroC PRO for PIC32\Packages\mikroBUS Board Definition API\Uses\" "Click_Color7_PIC32.c" "__color7_Driver.c" "__Lib_CP0.emcl" "__Lib_Math.emcl" "__Lib_MathDouble.emcl" "__Lib_System.emcl" "__Lib_SoftResetDma.emcl" "__Lib_Delays.emcl" "__Lib_CString.emcl" "__Lib_Conversions.emcl" "__Lib_I2C_12345.emcl" "__Lib_UART_123456.emcl" "easypicfusion_v7_P32MX795F512L.emcl" "Click_Color7.pld"	 
diagnostics: 0	122	Compilation Started	stdint.h
diagnostics: 122	123	Compiled Successfully	Click_Color7_PIC32.c
diagnostics: 0	122	Compilation Started	stdint.h
diagnostics: 341	123	Compiled Successfully	__color7_Driver.c
warning: 295	1512	variable 'sumColor' might not have been initialized	__color7_Driver.c
hint: 323	1164	Variable 'tmp' has been eliminated by optimizer	__color7_Driver.c
hint: 95	1164	Variable 'tmp' has been eliminated by optimizer	__color7_Driver.c
hint: 155	1164	Variable 'Luminance_Value' has been eliminated by optimizer	__color7_Driver.c
hint: 266	1164	Variable 'colorRatio' has been eliminated by optimizer	__color7_Driver.c
hint: 280	1164	Variable 'Blue_Ratio' has been eliminated by optimizer	__color7_Driver.c
hint: 282	1164	Variable 'ColorData' has been eliminated by optimizer	__color7_Driver.c
diagnostics: 0	127	All files Compiled in 94 ms	 
hint: 0	1144	Used RX: 25 (78%)   Free RX: 7 (22%)	Used RX: 25 (78%)   Free RX: 7 (22%)
hint: 0	1144	Static RAM (bytes): 381   Dynamic RAM (bytes): 130685	Static RAM (bytes): 381   Dynamic RAM (bytes): 130685
hint: 0	1144	Used ROM (bytes): 16812 (3%)  Free ROM (bytes): 507476 (97%)	Used ROM (bytes): 16812 (3%)  Free ROM (bytes): 507476 (97%)
hint: 0	1144	Used BOOTROM (bytes): 320 (3%)  Free BOOTROM (bytes): 11953 (97%)	Used BOOTROM (bytes): 320 (3%)  Free BOOTROM (bytes): 11953 (97%)
diagnostics: 0	125	Project Linked Successfully	Click_Color7_PIC32.mcp32
diagnostics: 0	128	Linked in 203 ms	 
diagnostics: 0	129	Project 'Click_Color7_PIC32.mcp32' completed: 422 ms	 
diagnostics: 0	103	Finished successfully: 27 apr 2018, 10:14:54	Click_Color7_PIC32.mcp32
