0	1	mikroCPIC1618.exe -MSF -DBG -pP18F87K22 -DL -O11111114 -fo64 -N"D:\Clicks_git\Color_7_Click\SW\example\c\PIC\Click_Color7_PIC.mcppi" -SP"C:\Users\Public\Documents\Mikroelektronika\mikroC PRO for PIC\Defs\" -SP"C:\Users\Public\Documents\Mikroelektronika\mikroC PRO for PIC\uses\P18\" -SP"D:\Clicks_git\Color_7_Click\SW\example\c\PIC\" -SP"D:\Clicks_git\Color_7_Click\SW\library\HAL\" -SP"D:\Clicks_git\Color_7_Click\SW\library\" -SP"C:\Users\Public\Documents\Mikroelektronika\mikroC PRO for PIC\Packages\mikroBUS Board Definition API\Uses\" -IP"C:\Users\Public\Documents\Mikroelektronika\mikroC PRO for PIC\uses\P18\" -IP"D:\Clicks_git\Color_7_Click\SW\example\c\PIC\" -IP"D:\Clicks_git\Color_7_Click\SW\library\" -IP"D:\Clicks_git\Color_7_Click\SW\library\HAL\" -IP"C:\Users\Public\Documents\Mikroelektronika\mikroC PRO for PIC\Packages\mikroBUS Board Definition API\Uses\" "Click_Color7_PIC.c" "__color7_Driver.c" "__Lib_Math.mcl" "__Lib_MathDouble.mcl" "__Lib_System.mcl" "__Lib_Delays.mcl" "__Lib_CString.mcl" "__Lib_Conversions.mcl" "__Lib_I2C_c34d65_k22_k90.mcl" "__Lib_UART_c67g12.mcl" "easypicpro_v7_P18F87K22.mcl" "Click_Color7.pld"	 
hint: 0	1139	Available RAM: 3841 [bytes], Available ROM: 131072 [bytes]	 
diagnostics: 0	122	Compilation Started	stdint.h
diagnostics: 122	123	Compiled Successfully	Click_Color7_PIC.c
diagnostics: 0	122	Compilation Started	stdint.h
diagnostics: 341	123	Compiled Successfully	__color7_Driver.c
hint: 323	1164	Variable 'tmp' has been eliminated by optimizer	__color7_Driver.c
hint: 95	1164	Variable 'tmp' has been eliminated by optimizer	__color7_Driver.c
hint: 155	1164	Variable 'Luminance_Value' has been eliminated by optimizer	__color7_Driver.c
hint: 265	1164	Variable 'clearData' has been eliminated by optimizer	__color7_Driver.c
hint: 266	1164	Variable 'colorRatio' has been eliminated by optimizer	__color7_Driver.c
hint: 280	1164	Variable 'Blue_Ratio' has been eliminated by optimizer	__color7_Driver.c
hint: 282	1164	Variable 'ColorData' has been eliminated by optimizer	__color7_Driver.c
diagnostics: 0	127	All files Compiled in 94 ms	 
hint: 0	1144	Used RAM (bytes): 427 (11%)  Free RAM (bytes): 3414 (89%)	Used RAM (bytes): 427 (11%)  Free RAM (bytes): 3414 (89%)
hint: 0	1144	Used ROM (bytes): 12036 (9%)  Free ROM (bytes): 119036 (91%)	Used ROM (bytes): 12036 (9%)  Free ROM (bytes): 119036 (91%)
diagnostics: 0	125	Project Linked Successfully	Click_Color7_PIC.mcppi
diagnostics: 0	128	Linked in 62 ms	 
diagnostics: 0	129	Project 'Click_Color7_PIC.mcppi' completed: 172 ms	 
diagnostics: 0	103	Finished successfully: 27 apr 2018, 10:18:44	Click_Color7_PIC.mcppi
